#-----------------------------------------------------------
# Vivado v2020.1 (64-bit)
# SW Build 2902540 on Wed May 27 19:54:49 MDT 2020
# IP Build 2902112 on Wed May 27 22:43:36 MDT 2020
# Start of session at: Tue Mar 29 13:52:42 2022
# Process ID: 13012
# Current directory: D:/Documents/xladis00/digital-eletronics-1/labs/06-counter/counter/counter.sim/sim_1/behav/xsim
# Command line: vivado.exe -gui_launcher_event rodinguilauncherevent504 D:\Documents\xladis00\digital-eletronics-1\labs\06-counter\counter\counter.sim\sim_1\behav\xsim\tb_cnt_up_down_behav.wdb
# Log file: D:/Documents/xladis00/digital-eletronics-1/labs/06-counter/counter/counter.sim/sim_1/behav/xsim/vivado.log
# Journal file: D:/Documents/xladis00/digital-eletronics-1/labs/06-counter/counter/counter.sim/sim_1/behav/xsim\vivado.jou
#-----------------------------------------------------------
start_gui
open_wave_database {D:\Documents\xladis00\digital-eletronics-1\labs\06-counter\counter\counter.sim\sim_1\behav\xsim\tb_cnt_up_down_behav.wdb}
INFO: [IP_Flow 19-234] Refreshing IP repositories
INFO: [IP_Flow 19-1704] No user IP repositories specified
INFO: [IP_Flow 19-2313] Loaded Vivado IP repository 'C:/APPZ/Xilinx/Vivado/2020.1/data/ip'.
close_sim
INFO: [Simtcl 6-16] Simulation closed
exit
INFO: [Common 17-206] Exiting Vivado at Tue Mar 29 13:53:14 2022...
