#-----------------------------------------------------------
# Vivado v2020.1 (64-bit)
# SW Build 2902540 on Wed May 27 19:54:49 MDT 2020
# IP Build 2902112 on Wed May 27 22:43:36 MDT 2020
# Start of session at: Tue Apr 19 13:10:25 2022
# Process ID: 11908
# Current directory: D:/Documents/xladis00/digital-eletronics-1/labs/08-lights/trafic_lights
# Command line: vivado.exe -gui_launcher_event rodinguilauncherevent8224 D:\Documents\xladis00\digital-eletronics-1\labs\08-lights\trafic_lights\trafic_lights.xpr
# Log file: D:/Documents/xladis00/digital-eletronics-1/labs/08-lights/trafic_lights/vivado.log
# Journal file: D:/Documents/xladis00/digital-eletronics-1/labs/08-lights/trafic_lights\vivado.jou
#-----------------------------------------------------------
start_gui
open_project D:/Documents/xladis00/digital-eletronics-1/labs/08-lights/trafic_lights/trafic_lights.xpr
Scanning sources...
Finished scanning sources
INFO: [IP_Flow 19-234] Refreshing IP repositories
INFO: [IP_Flow 19-1704] No user IP repositories specified
INFO: [IP_Flow 19-2313] Loaded Vivado IP repository 'C:/APPZ/Xilinx/Vivado/2020.1/data/ip'.
open_project: Time (s): cpu = 00:00:10 ; elapsed = 00:00:05 . Memory (MB): peak = 1199.660 ; gain = 0.000
update_compile_order -fileset sources_1
exit
INFO: [Common 17-206] Exiting Vivado at Tue Apr 19 15:01:32 2022...
